<?xml version="1.0" encoding="UTF-8"?>
<!-- Generated by org.testng.reporters.JUnitXMLReporter -->
<testsuite ignored="0" hostname="Mahesh" failures="0" tests="3" name="Sanity" time="20.946" errors="0" timestamp="05 Jan 2024 19:23:22 GMT">
  <testcase classname="TestModules.HomePageTests" name="TstCreateanAccount02" time="7.048"/>
  <testcase classname="TestModules.HomePageTests" name="TstHomePageValidation01" time="7.258"/>
  <testcase classname="TestModules.HomePageTests" name="TstValidateSignin03" time="6.613"/>
</testsuite> <!-- Sanity -->
