<?xml version="1.0" encoding="UTF-8"?>
<!-- Generated by org.testng.reporters.JUnitXMLReporter -->
<testsuite ignored="0" hostname="Mahesh" failures="0" tests="5" name="Test" time="40.369" errors="0" timestamp="05 Jan 2024 19:17:05 GMT">
  <testcase classname="TestModules.HomePageTests" name="TstCreateanAccount02" time="6.27"/>
  <testcase classname="TestModules.HomePageTests" name="TstHomePageValidation01" time="7.222"/>
  <testcase classname="TestModules.HomePageTests" name="TstValidateSignin03" time="6.981"/>
  <testcase classname="TestModules.OrderTests" name="TstOrderNumberValidation" time="9.788"/>
  <testcase classname="TestModules.OrderTests" name="TstViewOrder" time="10.077"/>
</testsuite> <!-- Test -->
