<?xml version="1.0" encoding="UTF-8"?>
<!-- Generated by org.testng.reporters.JUnitXMLReporter -->
<testsuite ignored="0" hostname="Mahesh" failures="0" tests="6" name="Test" time="45.819" errors="0" timestamp="08 Jan 2024 19:24:19 GMT">
  <testcase classname="TestModules.HomePageTests" name="TstCreateanAccount02" time="6.298"/>
  <testcase classname="TestModules.HomePageTests" name="TstHomePageValidation01" time="6.151"/>
  <testcase classname="TestModules.HomePageTests" name="TstValidateSignin03" time="6.281"/>
  <testcase classname="TestModules.OrderTests" name="TstOrderNumberValidation" time="9.92"/>
  <testcase classname="TestModules.OrderTests" name="TstValidatePrice" time="8.542"/>
  <testcase classname="TestModules.OrderTests" name="TstViewOrder" time="8.595"/>
</testsuite> <!-- Test -->
