<?xml version="1.0" encoding="UTF-8"?>
<testng-results ignored="0" total="5" passed="5" failed="0" skipped="0">
  <reporter-output>
  </reporter-output>
  <suite started-at="2024-01-05T19:23:01Z" name="Suite" finished-at="2024-01-05T19:23:22Z" duration-ms="20946">
    <groups>
    </groups>
    <test started-at="2024-01-05T19:23:01Z" name="Regression" finished-at="2024-01-05T19:23:22Z" duration-ms="20374">
      <class name="TestModules.OrderTests">
        <test-method signature="TstOrderNumberValidation()[pri:0, instance:TestModules.OrderTests@6c4980d3]" started-at="2024-01-05T19:23:01Z" name="TstOrderNumberValidation" finished-at="2024-01-05T19:23:12Z" duration-ms="10995" status="PASS">
          <reporter-output>
          </reporter-output>
        </test-method> <!-- TstOrderNumberValidation -->
        <test-method signature="TstViewOrder()[pri:0, instance:TestModules.OrderTests@6c4980d3]" started-at="2024-01-05T19:23:12Z" name="TstViewOrder" finished-at="2024-01-05T19:23:22Z" duration-ms="9359" status="PASS">
          <reporter-output>
          </reporter-output>
        </test-method> <!-- TstViewOrder -->
      </class> <!-- TestModules.OrderTests -->
    </test> <!-- Regression -->
    <test started-at="2024-01-05T19:23:01Z" name="Sanity" finished-at="2024-01-05T19:23:22Z" duration-ms="20946">
      <class name="TestModules.HomePageTests">
        <test-method signature="TstCreateanAccount02()[pri:0, instance:TestModules.HomePageTests@babafc2]" started-at="2024-01-05T19:23:01Z" name="TstCreateanAccount02" finished-at="2024-01-05T19:23:08Z" duration-ms="7048" status="PASS">
          <reporter-output>
          </reporter-output>
        </test-method> <!-- TstCreateanAccount02 -->
        <test-method signature="TstHomePageValidation01()[pri:0, instance:TestModules.HomePageTests@babafc2]" started-at="2024-01-05T19:23:08Z" name="TstHomePageValidation01" finished-at="2024-01-05T19:23:16Z" duration-ms="7258" status="PASS">
          <reporter-output>
          </reporter-output>
        </test-method> <!-- TstHomePageValidation01 -->
        <test-method signature="TstValidateSignin03()[pri:0, instance:TestModules.HomePageTests@babafc2]" started-at="2024-01-05T19:23:16Z" name="TstValidateSignin03" finished-at="2024-01-05T19:23:22Z" duration-ms="6613" status="PASS">
          <reporter-output>
          </reporter-output>
        </test-method> <!-- TstValidateSignin03 -->
      </class> <!-- TestModules.HomePageTests -->
    </test> <!-- Sanity -->
  </suite> <!-- Suite -->
</testng-results>
